----------------------------------------------------------------
<<<<<<< HEAD
Mon Jan 26 23:16:59 BOT 2015:
Booting Derby version The Apache Software Foundation - Apache Derby - 10.11.1.1 - (1616546): instance a816c00e-014b-2964-5f93-00000805a018 
on database directory D:\Java\workspace\LiquidBol\liquidbol_db with class loader sun.misc.Launcher$AppClassLoader@14ae5a5 
Loaded from file:/D:/Java/workspace/LiquidBol/lib/derby.jar
=======
Mon Jan 26 15:56:56 BOT 2015:
Booting Derby version The Apache Software Foundation - Apache Derby - 10.11.1.1 - (1616546): instance a816c00e-014b-27d1-8083-000005e639d0 
on database directory C:\Users\Franco\Documents\NetBeansProjects\LiquidBol\liquidbol_db with class loader sun.misc.Launcher$AppClassLoader@55f96302 
Loaded from file:/C:/Users/Franco/Documents/NetBeansProjects/LiquidBol/lib/derby.jar
>>>>>>> 7d3b79eabd3712d4c49c52d2ec008dce8989e50a
java.vendor=Oracle Corporation
java.runtime.version=1.8.0_05-b13
user.dir=C:\Users\Franco\Documents\NetBeansProjects\LiquidBol
os.name=Windows 7
os.arch=amd64
os.version=6.1
derby.system.home=null
Database Class Loader started - derby.database.classpath=''
